June 24, 2025 at 16:47 (UTC+3:00)
throw new common_1.InternalServerErrorException('Failed to create user');
43456a05b1df4a2ca1b2e346d792863b
jupiter-backend
June 24, 2025 at 16:47 (UTC+3:00)
^
43456a05b1df4a2ca1b2e346d792863b
jupiter-backend
June 24, 2025 at 16:47 (UTC+3:00)
InternalServerErrorException: Failed to create user
43456a05b1df4a2ca1b2e346d792863b
jupiter-backend
June 24, 2025 at 16:47 (UTC+3:00)
at AuthService.createUser (/home/node/app/dist/auth/users.service.js:146:19)
43456a05b1df4a2ca1b2e346d792863b
jupiter-backend
June 24, 2025 at 16:47 (UTC+3:00)
at async AuthService.onModuleInit (/home/node/app/dist/auth/users.service.js:56:13)
43456a05b1df4a2ca1b2e346d792863b
jupiter-backend
June 24, 2025 at 16:47 (UTC+3:00)
at async Promise.all (index 0)
43456a05b1df4a2ca1b2e346d792863b
jupiter-backend
June 24, 2025 at 16:47 (UTC+3:00)
at async callModuleInitHook (/home/node/node_modules/@nestjs/core/hooks/on-module-init.hook.js:43:5)
43456a05b1df4a2ca1b2e346d792863b
jupiter-backend
June 24, 2025 at 16:47 (UTC+3:00)
at async NestApplication.callInitHook (/home/node/node_modules/@nestjs/core/nest-application-context.js:234:13)
43456a05b1df4a2ca1b2e346d792863b
jupiter-backend
June 24, 2025 at 16:47 (UTC+3:00)
at async NestApplication.init (/home/node/node_modules/@nestjs/core/nest-application.js:100:9)
43456a05b1df4a2ca1b2e346d792863b
jupiter-backend
June 24, 2025 at 16:47 (UTC+3:00)
at async NestApplication.listen (/home/node/node_modules/@nestjs/core/nest-application.js:170:13)
43456a05b1df4a2ca1b2e346d792863b
jupiter-backend
June 24, 2025 at 16:47 (UTC+3:00)
at async bootstrap (/home/node/app/dist/main.js:75:5) {
43456a05b1df4a2ca1b2e346d792863b
jupiter-backend
June 24, 2025 at 16:47 (UTC+3:00)
response: {
43456a05b1df4a2ca1b2e346d792863b
jupiter-backend
June 24, 2025 at 16:47 (UTC+3:00)
message: 'Failed to create user',
43456a05b1df4a2ca1b2e346d792863b
jupiter-backend
June 24, 2025 at 16:47 (UTC+3:00)
error: 'Internal Server Error',
43456a05b1df4a2ca1b2e346d792863b
jupiter-backend
June 24, 2025 at 16:47 (UTC+3:00)
statusCode: 500
43456a05b1df4a2ca1b2e346d792863b
jupiter-backend
June 24, 2025 at 16:47 (UTC+3:00)
},
43456a05b1df4a2ca1b2e346d792863b
jupiter-backend
June 24, 2025 at 16:47 (UTC+3:00)
status: 500,
43456a05b1df4a2ca1b2e346d792863b
jupiter-backend
June 24, 2025 at 16:47 (UTC+3:00)
options: {}
43456a05b1df4a2ca1b2e346d792863b
jupiter-backend
June 24, 2025 at 16:47 (UTC+3:00)
}
43456a05b1df4a2ca1b2e346d792863b
jupiter-backend
June 24, 2025 at 16:47 (UTC+3:00)
Node.js v22.16.0
43456a05b1df4a2ca1b2e346d792863b
jupiter-backend
June 24, 2025 at 16:47 (UTC+3:00)
/home/node/app/dist/auth/users.service.js:146
43456a05b1df4a2ca1b2e346d792863b
jupiter-backend
June 24, 2025 at 16:47 (UTC+3:00)
(node:108) [DEP0060] DeprecationWarning: The `util._extend` API is deprecated. Please use Object.assign() instead.
43456a05b1df4a2ca1b2e346d792863b
jupiter-backend
June 24, 2025 at 16:47 (UTC+3:00)
(Use `node --trace-deprecation ...` to show where the warning was created)
43456a05b1df4a2ca1b2e346d792863b
jupiter-backend
June 24, 2025 at 16:47 (UTC+3:00)
> backend@1.0.0 start:prod
43456a05b1df4a2ca1b2e346d792863b
jupiter-backend
June 24, 2025 at 16:47 (UTC+3:00)
> node dist/main.js
43456a05b1df4a2ca1b2e346d792863b
jupiter-backend
June 24, 2025 at 16:47 (UTC+3:00)
+ echo 'Starting Backend Server...'
43456a05b1df4a2ca1b2e346d792863b
jupiter-backend
June 24, 2025 at 16:47 (UTC+3:00)
Starting Backend Server...
43456a05b1df4a2ca1b2e346d792863b
jupiter-backend
June 24, 2025 at 16:47 (UTC+3:00)
+ exec npm run start:prod
43456a05b1df4a2ca1b2e346d792863b
jupiter-backend
June 24, 2025 at 16:47 (UTC+3:00)
The following migration(s) have been applied:
43456a05b1df4a2ca1b2e346d792863b
jupiter-backend
June 24, 2025 at 16:47 (UTC+3:00)
migrations/
43456a05b1df4a2ca1b2e346d792863b
jupiter-backend
June 24, 2025 at 16:47 (UTC+3:00)
└─ 20240912072644_jupiter_init/
43456a05b1df4a2ca1b2e346d792863b
jupiter-backend
June 24, 2025 at 16:47 (UTC+3:00)
└─ migration.sql
43456a05b1df4a2ca1b2e346d792863b
jupiter-backend
June 24, 2025 at 16:47 (UTC+3:00)
└─ 20240912075751_change_cameras_relations/
43456a05b1df4a2ca1b2e346d792863b
jupiter-backend
June 24, 2025 at 16:47 (UTC+3:00)
└─ migration.sql
43456a05b1df4a2ca1b2e346d792863b
jupiter-backend
June 24, 2025 at 16:47 (UTC+3:00)
└─ 20240912075752_add_ground_polygon_type/
43456a05b1df4a2ca1b2e346d792863b
jupiter-backend
June 24, 2025 at 16:47 (UTC+3:00)
└─ migration.sql
43456a05b1df4a2ca1b2e346d792863b
jupiter-backend
June 24, 2025 at 16:47 (UTC+3:00)
└─ 20240912080424_delete_cell_cascade/
43456a05b1df4a2ca1b2e346d792863b
jupiter-backend
June 24, 2025 at 16:47 (UTC+3:00)
└─ migration.sql
43456a05b1df4a2ca1b2e346d792863b
jupiter-backend
June 24, 2025 at 16:47 (UTC+3:00)
└─ 20240922065036_store_polygon_metadata_under_specific_column/
43456a05b1df4a2ca1b2e346d792863b
jupiter-backend
June 24, 2025 at 16:47 (UTC+3:00)
└─ migration.sql
43456a05b1df4a2ca1b2e346d792863b
jupiter-backend
June 24, 2025 at 16:47 (UTC+3:00)
└─ 20240926140345_active_spotter_id/
43456a05b1df4a2ca1b2e346d792863b
jupiter-backend
June 24, 2025 at 16:47 (UTC+3:00)
└─ migration.sql
43456a05b1df4a2ca1b2e346d792863b
jupiter-backend
June 24, 2025 at 16:47 (UTC+3:00)
└─ 20241006084247_add_screen_recordings_table/
43456a05b1df4a2ca1b2e346d792863b
jupiter-backend
June 24, 2025 at 16:47 (UTC+3:00)
└─ migration.sql
43456a05b1df4a2ca1b2e346d792863b
jupiter-backend
June 24, 2025 at 16:47 (UTC+3:00)
└─ 20241006105446_cascade_user_hamal/
43456a05b1df4a2ca1b2e346d792863b
jupiter-backend
June 24, 2025 at 16:47 (UTC+3:00)
└─ migration.sql
43456a05b1df4a2ca1b2e346d792863b
jupiter-backend
June 24, 2025 at 16:47 (UTC+3:00)
└─ 20241008113235_delete_is_free/
43456a05b1df4a2ca1b2e346d792863b
jupiter-backend
June 24, 2025 at 16:47 (UTC+3:00)
└─ migration.sql
43456a05b1df4a2ca1b2e346d792863b
jupiter-backend
June 24, 2025 at 16:47 (UTC+3:00)
└─ 20241030081915_scan_plan/
43456a05b1df4a2ca1b2e346d792863b
jupiter-backend
June 24, 2025 at 16:47 (UTC+3:00)
└─ migration.sql
43456a05b1df4a2ca1b2e346d792863b
jupiter-backend
June 24, 2025 at 16:47 (UTC+3:00)
└─ 20241030221438_add_mpegts_camera/
43456a05b1df4a2ca1b2e346d792863b
jupiter-backend
June 24, 2025 at 16:47 (UTC+3:00)
└─ migration.sql
43456a05b1df4a2ca1b2e346d792863b
jupiter-backend
June 24, 2025 at 16:47 (UTC+3:00)
└─ 20241106114426_add_indication_table/
43456a05b1df4a2ca1b2e346d792863b
jupiter-backend
June 24, 2025 at 16:47 (UTC+3:00)
└─ migration.sql
43456a05b1df4a2ca1b2e346d792863b
jupiter-backend
June 24, 2025 at 16:47 (UTC+3:00)
└─ 20241107092856_add_missing_extention/
43456a05b1df4a2ca1b2e346d792863b
jupiter-backend
June 24, 2025 at 16:47 (UTC+3:00)
└─ migration.sql
43456a05b1df4a2ca1b2e346d792863b
jupiter-backend
June 24, 2025 at 16:47 (UTC+3:00)
└─ 20241110125605_camera_recordings/
43456a05b1df4a2ca1b2e346d792863b
jupiter-backend
June 24, 2025 at 16:47 (UTC+3:00)
└─ migration.sql
43456a05b1df4a2ca1b2e346d792863b
jupiter-backend
June 24, 2025 at 16:47 (UTC+3:00)
└─ 20241110151416_camera_record_index/
43456a05b1df4a2ca1b2e346d792863b
jupiter-backend
June 24, 2025 at 16:47 (UTC+3:00)
└─ migration.sql
43456a05b1df4a2ca1b2e346d792863b
jupiter-backend
June 24, 2025 at 16:47 (UTC+3:00)
└─ 20241112091528_scan_plan_on_delete/
43456a05b1df4a2ca1b2e346d792863b
jupiter-backend
June 24, 2025 at 16:47 (UTC+3:00)
└─ migration.sql
43456a05b1df4a2ca1b2e346d792863b
jupiter-backend
June 24, 2025 at 16:47 (UTC+3:00)
└─ 20241113112704_remove_hunter_from_db/
43456a05b1df4a2ca1b2e346d792863b
jupiter-backend
June 24, 2025 at 16:47 (UTC+3:00)
└─ migration.sql
43456a05b1df4a2ca1b2e346d792863b
jupiter-backend
June 24, 2025 at 16:47 (UTC+3:00)
└─ 20241121140042_remove_detections/
43456a05b1df4a2ca1b2e346d792863b
jupiter-backend
June 24, 2025 at 16:47 (UTC+3:00)
└─ migration.sql
43456a05b1df4a2ca1b2e346d792863b
jupiter-backend
June 24, 2025 at 16:47 (UTC+3:00)
└─ 20241124095543_update_indications_table/
43456a05b1df4a2ca1b2e346d792863b
jupiter-backend
June 24, 2025 at 16:47 (UTC+3:00)
└─ migration.sql
43456a05b1df4a2ca1b2e346d792863b
jupiter-backend
June 24, 2025 at 16:47 (UTC+3:00)
└─ 20241124112230_remove_optional_field_in_indications/
43456a05b1df4a2ca1b2e346d792863b
jupiter-backend
June 24, 2025 at 16:47 (UTC+3:00)
└─ migration.sql
43456a05b1df4a2ca1b2e346d792863b
jupiter-backend
June 24, 2025 at 16:47 (UTC+3:00)
└─ 20241126151135_scan_plan_camera_on_delete/
43456a05b1df4a2ca1b2e346d792863b
jupiter-backend
June 24, 2025 at 16:47 (UTC+3:00)
└─ migration.sql
43456a05b1df4a2ca1b2e346d792863b
jupiter-backend
June 24, 2025 at 16:47 (UTC+3:00)
└─ 20241126151736_camera_soft_delete/
43456a05b1df4a2ca1b2e346d792863b
jupiter-backend
June 24, 2025 at 16:47 (UTC+3:00)
└─ migration.sql
43456a05b1df4a2ca1b2e346d792863b
jupiter-backend
June 24, 2025 at 16:47 (UTC+3:00)
└─ 20241201165308_remove_video_server_port/
43456a05b1df4a2ca1b2e346d792863b
jupiter-backend
June 24, 2025 at 16:47 (UTC+3:00)
└─ migration.sql
43456a05b1df4a2ca1b2e346d792863b
jupiter-backend
June 24, 2025 at 16:47 (UTC+3:00)
└─ 20241209112051_task_from_indication/
43456a05b1df4a2ca1b2e346d792863b
jupiter-backend
June 24, 2025 at 16:47 (UTC+3:00)
└─ migration.sql
43456a05b1df4a2ca1b2e346d792863b
jupiter-backend
June 24, 2025 at 16:47 (UTC+3:00)
└─ 20241210115137_add_ip_port_to_camera_and_radar_tables/
43456a05b1df4a2ca1b2e346d792863b
jupiter-backend
June 24, 2025 at 16:47 (UTC+3:00)
└─ migration.sql
43456a05b1df4a2ca1b2e346d792863b
jupiter-backend
June 24, 2025 at 16:47 (UTC+3:00)
└─ 20241211103230_add_radar_type/
43456a05b1df4a2ca1b2e346d792863b
jupiter-backend
June 24, 2025 at 16:47 (UTC+3:00)
└─ migration.sql
43456a05b1df4a2ca1b2e346d792863b
jupiter-backend
June 24, 2025 at 16:47 (UTC+3:00)
└─ 20241217135220_add_attribute_lattimeinpoligon/
43456a05b1df4a2ca1b2e346d792863b
jupiter-backend
June 24, 2025 at 16:47 (UTC+3:00)
└─ migration.sql
43456a05b1df4a2ca1b2e346d792863b
jupiter-backend
June 24, 2025 at 16:47 (UTC+3:00)
└─ 20241218091809_add_detection_type_to_task/
43456a05b1df4a2ca1b2e346d792863b
jupiter-backend
June 24, 2025 at 16:47 (UTC+3:00)
└─ migration.sql
43456a05b1df4a2ca1b2e346d792863b
jupiter-backend
June 24, 2025 at 16:47 (UTC+3:00)
└─ 20241218115857_classifications_drop_tables_update_enum/
43456a05b1df4a2ca1b2e346d792863b
jupiter-backend
June 24, 2025 at 16:47 (UTC+3:00)
└─ migration.sql
43456a05b1df4a2ca1b2e346d792863b
jupiter-backend
June 24, 2025 at 16:47 (UTC+3:00)
└─ 20241218134407_change_detection_type_to_enum_radar_indications/
43456a05b1df4a2ca1b2e346d792863b
jupiter-backend
June 24, 2025 at 16:47 (UTC+3:00)
└─ migration.sql
43456a05b1df4a2ca1b2e346d792863b
jupiter-backend
June 24, 2025 at 16:47 (UTC+3:00)
└─ 20241222085537_add_default_task_status/
43456a05b1df4a2ca1b2e346d792863b
jupiter-backend
June 24, 2025 at 16:47 (UTC+3:00)
└─ migration.sql
43456a05b1df4a2ca1b2e346d792863b
jupiter-backend
June 24, 2025 at 16:47 (UTC+3:00)
└─ 20241223112125_add_channel_model/
43456a05b1df4a2ca1b2e346d792863b
jupiter-backend
June 24, 2025 at 16:47 (UTC+3:00)
└─ migration.sql
43456a05b1df4a2ca1b2e346d792863b
jupiter-backend
June 24, 2025 at 16:47 (UTC+3:00)
└─ 20241223152647_drop_column_last_time_in_polygon_tasks/
43456a05b1df4a2ca1b2e346d792863b
jupiter-backend
June 24, 2025 at 16:47 (UTC+3:00)
└─ migration.sql
43456a05b1df4a2ca1b2e346d792863b
jupiter-backend
June 24, 2025 at 16:47 (UTC+3:00)
└─ 20241224141210_set_default_time_radar_indications/
43456a05b1df4a2ca1b2e346d792863b
jupiter-backend
June 24, 2025 at 16:47 (UTC+3:00)
└─ migration.sql
43456a05b1df4a2ca1b2e346d792863b
jupiter-backend
June 24, 2025 at 16:47 (UTC+3:00)
└─ 20241226090920_name_unique_ground_org/
43456a05b1df4a2ca1b2e346d792863b
jupiter-backend
June 24, 2025 at 16:47 (UTC+3:00)
└─ migration.sql
43456a05b1df4a2ca1b2e346d792863b
jupiter-backend
